  stdafx.cpp
  RTISimExample.cpp
  RTISimConnectThread.cpp
  RTISim.cpp
  RTILibC20180313.cpp
c:\users\hlynk\desktop\umich\icor\workspace-cplusplus\rtilib_c++_20180313\rtilib_c++_20180313\rtilibc20180313.cpp(20): warning C4244: 'initializing': conversion from 'time_t' to 'long', possible loss of data
c:\users\hlynk\desktop\umich\icor\workspace-cplusplus\rtilib_c++_20180313\rtilib_c++_20180313\rtilibc20180313.cpp(22): warning C4244: '=': conversion from 'double' to 'long', possible loss of data
  RTILib.cpp
c:\users\hlynk\desktop\umich\icor\workspace-cplusplus\rtilib_c++_20180313\rtilib_c++_20180313\rtilib.cpp(302): warning C4018: '<': signed/unsigned mismatch
c:\users\hlynk\desktop\umich\icor\workspace-cplusplus\rtilib_c++_20180313\rtilib_c++_20180313\rapidjson\document.h(1349): error C2664: 'rapidjson::GenericValue<rapidjson::UTF8<char>,rapidjson::MemoryPoolAllocator<rapidjson::CrtAllocator>>::GenericValue(rapidjson::GenericValue<rapidjson::UTF8<char>,rapidjson::MemoryPoolAllocator<rapidjson::CrtAllocator>> &&)': cannot convert argument 1 from 'std::string' to 'rapidjson::GenericObject<false,rapidjson::GenericValue<rapidjson::UTF8<char>,rapidjson::MemoryPoolAllocator<rapidjson::CrtAllocator>>>'
  c:\users\hlynk\desktop\umich\icor\workspace-cplusplus\rtilib_c++_20180313\rtilib_c++_20180313\rapidjson\document.h(1349): note: No user-defined-conversion operator available that can perform this conversion, or the operator cannot be called
  c:\users\hlynk\desktop\umich\icor\workspace-cplusplus\rtilib_c++_20180313\rtilib_c++_20180313\rapidjson\document.h(1420): note: see reference to function template instantiation 'rapidjson::GenericValue<rapidjson::UTF8<char>,rapidjson::MemoryPoolAllocator<rapidjson::CrtAllocator>> &rapidjson::GenericValue<rapidjson::UTF8<char>,rapidjson::MemoryPoolAllocator<rapidjson::CrtAllocator>>::AddMember<std::string>(rapidjson::GenericValue<rapidjson::UTF8<char>,rapidjson::MemoryPoolAllocator<rapidjson::CrtAllocator>> &,T,Allocator &)' being compiled
          with
          [
              T=std::string,
              Allocator=rapidjson::MemoryPoolAllocator<rapidjson::CrtAllocator>
          ]
  c:\users\hlynk\desktop\umich\icor\workspace-cplusplus\rtilib_c++_20180313\rtilib_c++_20180313\rapidjson\document.h(1420): note: see reference to function template instantiation 'rapidjson::GenericValue<rapidjson::UTF8<char>,rapidjson::MemoryPoolAllocator<rapidjson::CrtAllocator>> &rapidjson::GenericValue<rapidjson::UTF8<char>,rapidjson::MemoryPoolAllocator<rapidjson::CrtAllocator>>::AddMember<std::string>(rapidjson::GenericValue<rapidjson::UTF8<char>,rapidjson::MemoryPoolAllocator<rapidjson::CrtAllocator>> &,T,Allocator &)' being compiled
          with
          [
              T=std::string,
              Allocator=rapidjson::MemoryPoolAllocator<rapidjson::CrtAllocator>
          ]
  c:\users\hlynk\desktop\umich\icor\workspace-cplusplus\rtilib_c++_20180313\rtilib_c++_20180313\rtilib.cpp(268): note: see reference to function template instantiation 'rapidjson::GenericValue<rapidjson::UTF8<char>,rapidjson::MemoryPoolAllocator<rapidjson::CrtAllocator>> &rapidjson::GenericValue<rapidjson::UTF8<char>,rapidjson::MemoryPoolAllocator<rapidjson::CrtAllocator>>::AddMember<std::string>(rapidjson::GenericStringRef<char>,T,Allocator &)' being compiled
          with
          [
              T=std::string,
              Allocator=rapidjson::MemoryPoolAllocator<rapidjson::CrtAllocator>
          ]
  c:\users\hlynk\desktop\umich\icor\workspace-cplusplus\rtilib_c++_20180313\rtilib_c++_20180313\rtilib.cpp(268): note: see reference to function template instantiation 'rapidjson::GenericValue<rapidjson::UTF8<char>,rapidjson::MemoryPoolAllocator<rapidjson::CrtAllocator>> &rapidjson::GenericValue<rapidjson::UTF8<char>,rapidjson::MemoryPoolAllocator<rapidjson::CrtAllocator>>::AddMember<std::string>(rapidjson::GenericStringRef<char>,T,Allocator &)' being compiled
          with
          [
              T=std::string,
              Allocator=rapidjson::MemoryPoolAllocator<rapidjson::CrtAllocator>
          ]
  Generating Code...
