c:\users\hlynk\desktop\umich\icor\workspace-cplusplus\rtilib_c++_20180313\rtilib_c++_20180313\debug\rtilib_c++_20180313.pch
c:\users\hlynk\desktop\umich\icor\workspace-cplusplus\rtilib_c++_20180313\rtilib_c++_20180313\debug\vc141.pdb
c:\users\hlynk\desktop\umich\icor\workspace-cplusplus\rtilib_c++_20180313\rtilib_c++_20180313\debug\vc141.idb
c:\users\hlynk\desktop\umich\icor\workspace-cplusplus\rtilib_c++_20180313\rtilib_c++_20180313\debug\stdafx.obj
c:\users\hlynk\desktop\umich\icor\workspace-cplusplus\rtilib_c++_20180313\rtilib_c++_20180313\debug\rtilib.obj
c:\users\hlynk\desktop\umich\icor\workspace-cplusplus\rtilib_c++_20180313\rtilib_c++_20180313\debug\rtilibc20180313.obj
c:\users\hlynk\desktop\umich\icor\workspace-cplusplus\rtilib_c++_20180313\rtilib_c++_20180313\debug\rtisim.obj
c:\users\hlynk\desktop\umich\icor\workspace-cplusplus\rtilib_c++_20180313\rtilib_c++_20180313\debug\rtisimconnectthread.obj
c:\users\hlynk\desktop\umich\icor\workspace-cplusplus\rtilib_c++_20180313\rtilib_c++_20180313\debug\rtisimexample.obj
c:\users\hlynk\desktop\umich\icor\workspace-cplusplus\rtilib_c++_20180313\debug\rtilib_c++_20180313.pdb
c:\users\hlynk\desktop\umich\icor\workspace-cplusplus\rtilib_c++_20180313\rtilib_c++_20180313\debug\rtilib_c.e6fb044d.tlog\cl.command.1.tlog
c:\users\hlynk\desktop\umich\icor\workspace-cplusplus\rtilib_c++_20180313\rtilib_c++_20180313\debug\rtilib_c.e6fb044d.tlog\cl.read.1.tlog
c:\users\hlynk\desktop\umich\icor\workspace-cplusplus\rtilib_c++_20180313\rtilib_c++_20180313\debug\rtilib_c.e6fb044d.tlog\cl.write.1.tlog
c:\users\hlynk\desktop\umich\icor\workspace-cplusplus\rtilib_c++_20180313\rtilib_c++_20180313\debug\rtilib_c.e6fb044d.tlog\link.8596-cvtres.read.1.tlog
c:\users\hlynk\desktop\umich\icor\workspace-cplusplus\rtilib_c++_20180313\rtilib_c++_20180313\debug\rtilib_c.e6fb044d.tlog\link.8596-cvtres.write.1.tlog
c:\users\hlynk\desktop\umich\icor\workspace-cplusplus\rtilib_c++_20180313\rtilib_c++_20180313\debug\rtilib_c.e6fb044d.tlog\link.8596-rc.read.1.tlog
c:\users\hlynk\desktop\umich\icor\workspace-cplusplus\rtilib_c++_20180313\rtilib_c++_20180313\debug\rtilib_c.e6fb044d.tlog\link.8596-rc.write.1.tlog
c:\users\hlynk\desktop\umich\icor\workspace-cplusplus\rtilib_c++_20180313\rtilib_c++_20180313\debug\rtilib_c.e6fb044d.tlog\link.8596.read.1.tlog
c:\users\hlynk\desktop\umich\icor\workspace-cplusplus\rtilib_c++_20180313\rtilib_c++_20180313\debug\rtilib_c.e6fb044d.tlog\link.8596.write.1.tlog
c:\users\hlynk\desktop\umich\icor\workspace-cplusplus\rtilib_c++_20180313\rtilib_c++_20180313\debug\rtilib_c.e6fb044d.tlog\link.command.1.tlog
c:\users\hlynk\desktop\umich\icor\workspace-cplusplus\rtilib_c++_20180313\rtilib_c++_20180313\debug\rtilib_c.e6fb044d.tlog\link.read.1.tlog
c:\users\hlynk\desktop\umich\icor\workspace-cplusplus\rtilib_c++_20180313\rtilib_c++_20180313\debug\rtilib_c.e6fb044d.tlog\link.write.1.tlog
